<?xml version="1.0" encoding="UTF-8"?>
<!-- Generated by org.testng.reporters.JUnitReportReporter -->
<testsuite skipped="0" hostname="QAPLANET3-PC" name="testscripts.Tc1" tests="1" failures="0" timestamp="01 Feb 2020 05:45:18 GMT" time="9.753" errors="0">
  <testcase name="verifyorangehrm" time="9.753" classname="testscripts.Tc1"/>
</testsuite> <!-- testscripts.Tc1 -->
