<?xml version="1.0" encoding="UTF-8"?>
<!-- Generated by org.testng.reporters.JUnitReportReporter -->
<testsuite skipped="0" hostname="CLASSROOM" name="TestScripts.TC5" tests="1" failures="0" timestamp="14 Sep 2019 10:28:50 GMT" time="0.000" errors="0">
  <testcase name="Method1" time="0.000" classname="TestScripts.TC5"/>
</testsuite> <!-- TestScripts.TC5 -->
